  Ast.cpp
C:\Desktop\BM_Code\Compiler_2023\STEntry.h(47,9): error C4996: 'strcpy': This function or variable may be unsafe. Consider using strcpy_s instead. To disable deprecation, use _CRT_SECURE_NO_WARNINGS. See online help for details.
C:\Desktop\BM_Code\Compiler_2023\Ast.h(14,5): error C2143: syntax error: missing ';' before '*'
C:\Desktop\BM_Code\Compiler_2023\Ast.h(14,5): error C4430: missing type specifier - int assumed. Note: C++ does not support default-int
C:\Desktop\BM_Code\Compiler_2023\Ast.h(14,11): error C2238: unexpected token(s) preceding ';'
C:\Desktop\BM_Code\Compiler_2023\Ast.h(15,10): error C2143: syntax error: missing ';' before '*'
C:\Desktop\BM_Code\Compiler_2023\Ast.h(15,10): error C4430: missing type specifier - int assumed. Note: C++ does not support default-int
C:\Desktop\BM_Code\Compiler_2023\Ast.h(15,16): error C2238: unexpected token(s) preceding ';'
C:\Desktop\BM_Code\Compiler_2023\Ast.h(22,10): error C2143: syntax error: missing ';' before '*'
C:\Desktop\BM_Code\Compiler_2023\Ast.h(22,10): error C4430: missing type specifier - int assumed. Note: C++ does not support default-int
C:\Desktop\BM_Code\Compiler_2023\Ast.h(22,16): error C2238: unexpected token(s) preceding ';'
C:\Desktop\BM_Code\Compiler_2023\Ast.h(92,7): error C2143: syntax error: missing ';' before '*'
C:\Desktop\BM_Code\Compiler_2023\Ast.h(92,7): error C4430: missing type specifier - int assumed. Note: C++ does not support default-int
C:\Desktop\BM_Code\Compiler_2023\Ast.h(92,13): error C2238: unexpected token(s) preceding ';'
C:\Desktop\BM_Code\Compiler_2023\Ast.h(97,7): error C2143: syntax error: missing ';' before '*'
C:\Desktop\BM_Code\Compiler_2023\Ast.h(97,7): error C4430: missing type specifier - int assumed. Note: C++ does not support default-int
C:\Desktop\BM_Code\Compiler_2023\Ast.h(97,12): error C2238: unexpected token(s) preceding ';'
C:\Desktop\BM_Code\Compiler_2023\Ast.h(101,7): error C2143: syntax error: missing ';' before '*'
C:\Desktop\BM_Code\Compiler_2023\Ast.h(101,7): error C4430: missing type specifier - int assumed. Note: C++ does not support default-int
C:\Desktop\BM_Code\Compiler_2023\Ast.h(101,18): error C2238: unexpected token(s) preceding ';'
C:\Desktop\BM_Code\Compiler_2023\Ast.h(102,7): error C2143: syntax error: missing ';' before '*'
C:\Desktop\BM_Code\Compiler_2023\Ast.h(102,7): error C4430: missing type specifier - int assumed. Note: C++ does not support default-int
C:\Desktop\BM_Code\Compiler_2023\Ast.h(102,15): error C2238: unexpected token(s) preceding ';'
C:\Desktop\BM_Code\Compiler_2023\Ast.h(103,7): error C2143: syntax error: missing ';' before '*'
C:\Desktop\BM_Code\Compiler_2023\Ast.h(103,7): error C4430: missing type specifier - int assumed. Note: C++ does not support default-int
C:\Desktop\BM_Code\Compiler_2023\Ast.h(103,15): error C2238: unexpected token(s) preceding ';'
C:\Desktop\BM_Code\Compiler_2023\Ast.h(107,7): error C2143: syntax error: missing ';' before '*'
C:\Desktop\BM_Code\Compiler_2023\Ast.h(107,7): error C4430: missing type specifier - int assumed. Note: C++ does not support default-int
C:\Desktop\BM_Code\Compiler_2023\Ast.h(107,18): error C2238: unexpected token(s) preceding ';'
C:\Desktop\BM_Code\Compiler_2023\Ast.h(108,7): error C2143: syntax error: missing ';' before '*'
C:\Desktop\BM_Code\Compiler_2023\Ast.h(108,7): error C4430: missing type specifier - int assumed. Note: C++ does not support default-int
C:\Desktop\BM_Code\Compiler_2023\Ast.h(108,13): error C2238: unexpected token(s) preceding ';'
C:\Desktop\BM_Code\Compiler_2023\Ast.h(113,7): error C2143: syntax error: missing ';' before '*'
C:\Desktop\BM_Code\Compiler_2023\Ast.h(113,7): error C4430: missing type specifier - int assumed. Note: C++ does not support default-int
C:\Desktop\BM_Code\Compiler_2023\Ast.h(113,20): error C2238: unexpected token(s) preceding ';'
C:\Desktop\BM_Code\Compiler_2023\Ast.h(114,7): error C2143: syntax error: missing ';' before '*'
C:\Desktop\BM_Code\Compiler_2023\Ast.h(114,7): error C4430: missing type specifier - int assumed. Note: C++ does not support default-int
C:\Desktop\BM_Code\Compiler_2023\Ast.h(114,20): error C2238: unexpected token(s) preceding ';'
C:\Desktop\BM_Code\Compiler_2023\Ast.h(115,7): error C2143: syntax error: missing ';' before '*'
C:\Desktop\BM_Code\Compiler_2023\Ast.h(115,7): error C4430: missing type specifier - int assumed. Note: C++ does not support default-int
C:\Desktop\BM_Code\Compiler_2023\Ast.h(115,13): error C2238: unexpected token(s) preceding ';'
C:\Desktop\BM_Code\Compiler_2023\Ast.h(137,7): error C2143: syntax error: missing ';' before '*'
C:\Desktop\BM_Code\Compiler_2023\Ast.h(137,7): error C4430: missing type specifier - int assumed. Note: C++ does not support default-int
C:\Desktop\BM_Code\Compiler_2023\Ast.h(137,13): error C2238: unexpected token(s) preceding ';'
C:\Desktop\BM_Code\Compiler_2023\Ast.h(162,14): error C3646: 'type': unknown override specifier
C:\Desktop\BM_Code\Compiler_2023\Ast.h(162,18): error C4430: missing type specifier - int assumed. Note: C++ does not support default-int
C:\Desktop\BM_Code\Compiler_2023\Ast.h(166,7): error C2143: syntax error: missing ';' before '*'
C:\Desktop\BM_Code\Compiler_2023\Ast.h(166,7): error C4430: missing type specifier - int assumed. Note: C++ does not support default-int
C:\Desktop\BM_Code\Compiler_2023\Ast.h(166,13): error C2238: unexpected token(s) preceding ';'
C:\Desktop\BM_Code\Compiler_2023\Ast.h(167,7): error C2143: syntax error: missing ';' before '*'
C:\Desktop\BM_Code\Compiler_2023\Ast.h(167,7): error C4430: missing type specifier - int assumed. Note: C++ does not support default-int
C:\Desktop\BM_Code\Compiler_2023\Ast.h(167,13): error C2238: unexpected token(s) preceding ';'
C:\Desktop\BM_Code\Compiler_2023\Ast.h(169,11): error C3646: 'rel_type': unknown override specifier
C:\Desktop\BM_Code\Compiler_2023\Ast.h(169,19): error C4430: missing type specifier - int assumed. Note: C++ does not support default-int
C:\Desktop\BM_Code\Compiler_2023\Ast.h(173,7): error C2143: syntax error: missing ';' before '*'
C:\Desktop\BM_Code\Compiler_2023\Ast.h(173,7): error C4430: missing type specifier - int assumed. Note: C++ does not support default-int
C:\Desktop\BM_Code\Compiler_2023\Ast.h(173,12): error C2238: unexpected token(s) preceding ';'
C:\Desktop\BM_Code\Compiler_2023\Ast.cpp(34,2): warning C4002: too many arguments for function-like macro invocation 'va_start'
C:\Desktop\BM_Code\Compiler_2023\Ast.cpp(51,24): error C2039: 'body': is not a member of 'ast_node::<unnamed-type-f>::<unnamed-type-a_routine_decl>'
C:\Desktop\BM_Code\Compiler_2023\Ast.h(88,10): message : see declaration of 'ast_node::<unnamed-type-f>::<unnamed-type-a_routine_decl>'
C:\Desktop\BM_Code\Compiler_2023\Ast.cpp(56,18): error C2039: 'rhs': is not a member of 'ast_node::<unnamed-type-f>::<unnamed-type-a_assign>'
C:\Desktop\BM_Code\Compiler_2023\Ast.h(95,10): message : see declaration of 'ast_node::<unnamed-type-f>::<unnamed-type-a_assign>'
C:\Desktop\BM_Code\Compiler_2023\Ast.cpp(60,14): error C2039: 'predicate': is not a member of 'ast_node::<unnamed-type-f>::<unnamed-type-a_if>'
C:\Desktop\BM_Code\Compiler_2023\Ast.h(100,10): message : see declaration of 'ast_node::<unnamed-type-f>::<unnamed-type-a_if>'
C:\Desktop\BM_Code\Compiler_2023\Ast.cpp(61,14): error C2039: 'conseq': is not a member of 'ast_node::<unnamed-type-f>::<unnamed-type-a_if>'
C:\Desktop\BM_Code\Compiler_2023\Ast.h(100,10): message : see declaration of 'ast_node::<unnamed-type-f>::<unnamed-type-a_if>'
C:\Desktop\BM_Code\Compiler_2023\Ast.cpp(62,14): error C2039: 'altern': is not a member of 'ast_node::<unnamed-type-f>::<unnamed-type-a_if>'
C:\Desktop\BM_Code\Compiler_2023\Ast.h(100,10): message : see declaration of 'ast_node::<unnamed-type-f>::<unnamed-type-a_if>'
C:\Desktop\BM_Code\Compiler_2023\Ast.cpp(66,17): error C2039: 'predicate': is not a member of 'ast_node::<unnamed-type-f>::<unnamed-type-a_while>'
C:\Desktop\BM_Code\Compiler_2023\Ast.h(106,10): message : see declaration of 'ast_node::<unnamed-type-f>::<unnamed-type-a_while>'
C:\Desktop\BM_Code\Compiler_2023\Ast.cpp(67,17): error C2039: 'body': is not a member of 'ast_node::<unnamed-type-f>::<unnamed-type-a_while>'
C:\Desktop\BM_Code\Compiler_2023\Ast.h(106,10): message : see declaration of 'ast_node::<unnamed-type-f>::<unnamed-type-a_while>'
C:\Desktop\BM_Code\Compiler_2023\Ast.cpp(72,15): error C2039: 'lower_bound': is not a member of 'ast_node::<unnamed-type-f>::<unnamed-type-a_for>'
C:\Desktop\BM_Code\Compiler_2023\Ast.h(111,10): message : see declaration of 'ast_node::<unnamed-type-f>::<unnamed-type-a_for>'
C:\Desktop\BM_Code\Compiler_2023\Ast.cpp(73,15): error C2039: 'upper_bound': is not a member of 'ast_node::<unnamed-type-f>::<unnamed-type-a_for>'
C:\Desktop\BM_Code\Compiler_2023\Ast.h(111,10): message : see declaration of 'ast_node::<unnamed-type-f>::<unnamed-type-a_for>'
C:\Desktop\BM_Code\Compiler_2023\Ast.cpp(74,15): error C2039: 'body': is not a member of 'ast_node::<unnamed-type-f>::<unnamed-type-a_for>'
C:\Desktop\BM_Code\Compiler_2023\Ast.h(111,10): message : see declaration of 'ast_node::<unnamed-type-f>::<unnamed-type-a_for>'
C:\Desktop\BM_Code\Compiler_2023\Ast.cpp(96,18): error C2039: 'expr': is not a member of 'ast_node::<unnamed-type-f>::<unnamed-type-a_return>'
C:\Desktop\BM_Code\Compiler_2023\Ast.h(136,10): message : see declaration of 'ast_node::<unnamed-type-f>::<unnamed-type-a_return>'
C:\Desktop\BM_Code\Compiler_2023\Ast.cpp(140,16): error C2039: 'arg': is not a member of 'ast_node::<unnamed-type-f>::<unnamed-type-a_itof>'
C:\Desktop\BM_Code\Compiler_2023\Ast.h(172,10): message : see declaration of 'ast_node::<unnamed-type-f>::<unnamed-type-a_itof>'
C:\Desktop\BM_Code\Compiler_2023\Ast.cpp(172,46): error C2039: 'larg': is not a member of 'ast_node::<unnamed-type-f>::<unnamed-type-a_binary_op>'
C:\Desktop\BM_Code\Compiler_2023\Ast.h(165,10): message : see declaration of 'ast_node::<unnamed-type-f>::<unnamed-type-a_binary_op>'
C:\Desktop\BM_Code\Compiler_2023\Ast.cpp(172,11): error C2660: 'eval_ast_expr': function does not take 1 arguments
C:\Desktop\BM_Code\Compiler_2023\Ast.cpp(152,5): message : see declaration of 'eval_ast_expr'
C:\Desktop\BM_Code\Compiler_2023\Ast.cpp(172,11): message : while trying to match the argument list '(FileDescriptor *)'
C:\Desktop\BM_Code\Compiler_2023\Ast.cpp(173,41): error C2039: 'rarg': is not a member of 'ast_node::<unnamed-type-f>::<unnamed-type-a_binary_op>'
C:\Desktop\BM_Code\Compiler_2023\Ast.h(165,10): message : see declaration of 'ast_node::<unnamed-type-f>::<unnamed-type-a_binary_op>'
C:\Desktop\BM_Code\Compiler_2023\Ast.cpp(173,6): error C2660: 'eval_ast_expr': function does not take 1 arguments
C:\Desktop\BM_Code\Compiler_2023\Ast.cpp(152,5): message : see declaration of 'eval_ast_expr'
C:\Desktop\BM_Code\Compiler_2023\Ast.cpp(173,6): message : while trying to match the argument list '(FileDescriptor *)'
C:\Desktop\BM_Code\Compiler_2023\Ast.cpp(175,46): error C2039: 'larg': is not a member of 'ast_node::<unnamed-type-f>::<unnamed-type-a_binary_op>'
C:\Desktop\BM_Code\Compiler_2023\Ast.h(165,10): message : see declaration of 'ast_node::<unnamed-type-f>::<unnamed-type-a_binary_op>'
C:\Desktop\BM_Code\Compiler_2023\Ast.cpp(175,11): error C2660: 'eval_ast_expr': function does not take 1 arguments
C:\Desktop\BM_Code\Compiler_2023\Ast.cpp(152,5): message : see declaration of 'eval_ast_expr'
C:\Desktop\BM_Code\Compiler_2023\Ast.cpp(175,11): message : while trying to match the argument list '(FileDescriptor *)'
C:\Desktop\BM_Code\Compiler_2023\Ast.cpp(176,41): error C2039: 'rarg': is not a member of 'ast_node::<unnamed-type-f>::<unnamed-type-a_binary_op>'
C:\Desktop\BM_Code\Compiler_2023\Ast.h(165,10): message : see declaration of 'ast_node::<unnamed-type-f>::<unnamed-type-a_binary_op>'
C:\Desktop\BM_Code\Compiler_2023\Ast.cpp(176,6): error C2660: 'eval_ast_expr': function does not take 1 arguments
C:\Desktop\BM_Code\Compiler_2023\Ast.cpp(152,5): message : see declaration of 'eval_ast_expr'
C:\Desktop\BM_Code\Compiler_2023\Ast.cpp(176,6): message : while trying to match the argument list '(FileDescriptor *)'
C:\Desktop\BM_Code\Compiler_2023\Ast.cpp(178,46): error C2039: 'larg': is not a member of 'ast_node::<unnamed-type-f>::<unnamed-type-a_binary_op>'
C:\Desktop\BM_Code\Compiler_2023\Ast.h(165,10): message : see declaration of 'ast_node::<unnamed-type-f>::<unnamed-type-a_binary_op>'
C:\Desktop\BM_Code\Compiler_2023\Ast.cpp(178,11): error C2660: 'eval_ast_expr': function does not take 1 arguments
C:\Desktop\BM_Code\Compiler_2023\Ast.cpp(152,5): message : see declaration of 'eval_ast_expr'
C:\Desktop\BM_Code\Compiler_2023\Ast.cpp(178,11): message : while trying to match the argument list '(FileDescriptor *)'
C:\Desktop\BM_Code\Compiler_2023\Ast.cpp(179,41): error C2039: 'rarg': is not a member of 'ast_node::<unnamed-type-f>::<unnamed-type-a_binary_op>'
C:\Desktop\BM_Code\Compiler_2023\Ast.h(165,10): message : see declaration of 'ast_node::<unnamed-type-f>::<unnamed-type-a_binary_op>'
C:\Desktop\BM_Code\Compiler_2023\Ast.cpp(179,6): error C2660: 'eval_ast_expr': function does not take 1 arguments
C:\Desktop\BM_Code\Compiler_2023\Ast.cpp(152,5): message : see declaration of 'eval_ast_expr'
C:\Desktop\BM_Code\Compiler_2023\Ast.cpp(179,6): message : while trying to match the argument list '(FileDescriptor *)'
C:\Desktop\BM_Code\Compiler_2023\Ast.cpp(181,46): error C2039: 'larg': is not a member of 'ast_node::<unnamed-type-f>::<unnamed-type-a_binary_op>'
C:\Desktop\BM_Code\Compiler_2023\Ast.h(165,10): message : see declaration of 'ast_node::<unnamed-type-f>::<unnamed-type-a_binary_op>'
C:\Desktop\BM_Code\Compiler_2023\Ast.cpp(181,11): error C2660: 'eval_ast_expr': function does not take 1 arguments
C:\Desktop\BM_Code\Compiler_2023\Ast.cpp(152,5): message : see declaration of 'eval_ast_expr'
C:\Desktop\BM_Code\Compiler_2023\Ast.cpp(181,11): message : while trying to match the argument list '(FileDescriptor *)'
C:\Desktop\BM_Code\Compiler_2023\Ast.cpp(182,41): error C2039: 'rarg': is not a member of 'ast_node::<unnamed-type-f>::<unnamed-type-a_binary_op>'
C:\Desktop\BM_Code\Compiler_2023\Ast.h(165,10): message : see declaration of 'ast_node::<unnamed-type-f>::<unnamed-type-a_binary_op>'
C:\Desktop\BM_Code\Compiler_2023\Ast.cpp(182,6): error C2660: 'eval_ast_expr': function does not take 1 arguments
C:\Desktop\BM_Code\Compiler_2023\Ast.cpp(152,5): message : see declaration of 'eval_ast_expr'
C:\Desktop\BM_Code\Compiler_2023\Ast.cpp(182,6): message : while trying to match the argument list '(FileDescriptor *)'
C:\Desktop\BM_Code\Compiler_2023\Ast.cpp(184,46): error C2039: 'larg': is not a member of 'ast_node::<unnamed-type-f>::<unnamed-type-a_binary_op>'
C:\Desktop\BM_Code\Compiler_2023\Ast.h(165,10): message : see declaration of 'ast_node::<unnamed-type-f>::<unnamed-type-a_binary_op>'
C:\Desktop\BM_Code\Compiler_2023\Ast.cpp(184,11): error C2660: 'eval_ast_expr': function does not take 1 arguments
C:\Desktop\BM_Code\Compiler_2023\Ast.cpp(152,5): message : see declaration of 'eval_ast_expr'
C:\Desktop\BM_Code\Compiler_2023\Ast.cpp(184,11): message : while trying to match the argument list '(FileDescriptor *)'
C:\Desktop\BM_Code\Compiler_2023\Ast.cpp(185,42): error C2039: 'rarg': is not a member of 'ast_node::<unnamed-type-f>::<unnamed-type-a_binary_op>'
C:\Desktop\BM_Code\Compiler_2023\Ast.h(165,10): message : see declaration of 'ast_node::<unnamed-type-f>::<unnamed-type-a_binary_op>'
C:\Desktop\BM_Code\Compiler_2023\Ast.cpp(185,7): error C2660: 'eval_ast_expr': function does not take 1 arguments
C:\Desktop\BM_Code\Compiler_2023\Ast.cpp(152,5): message : see declaration of 'eval_ast_expr'
C:\Desktop\BM_Code\Compiler_2023\Ast.cpp(185,7): message : while trying to match the argument list '(FileDescriptor *)'
C:\Desktop\BM_Code\Compiler_2023\Ast.cpp(187,46): error C2039: 'larg': is not a member of 'ast_node::<unnamed-type-f>::<unnamed-type-a_binary_op>'
C:\Desktop\BM_Code\Compiler_2023\Ast.h(165,10): message : see declaration of 'ast_node::<unnamed-type-f>::<unnamed-type-a_binary_op>'
C:\Desktop\BM_Code\Compiler_2023\Ast.cpp(187,11): error C2660: 'eval_ast_expr': function does not take 1 arguments
C:\Desktop\BM_Code\Compiler_2023\Ast.cpp(152,5): message : see declaration of 'eval_ast_expr'
C:\Desktop\BM_Code\Compiler_2023\Ast.cpp(187,11): message : while trying to match the argument list '(FileDescriptor *)'
C:\Desktop\BM_Code\Compiler_2023\Ast.cpp(188,42): error C2039: 'rarg': is not a member of 'ast_node::<unnamed-type-f>::<unnamed-type-a_binary_op>'
C:\Desktop\BM_Code\Compiler_2023\Ast.h(165,10): message : see declaration of 'ast_node::<unnamed-type-f>::<unnamed-type-a_binary_op>'
C:\Desktop\BM_Code\Compiler_2023\Ast.cpp(188,7): error C2660: 'eval_ast_expr': function does not take 1 arguments
C:\Desktop\BM_Code\Compiler_2023\Ast.cpp(152,5): message : see declaration of 'eval_ast_expr'
C:\Desktop\BM_Code\Compiler_2023\Ast.cpp(188,7): message : while trying to match the argument list '(FileDescriptor *)'
C:\Desktop\BM_Code\Compiler_2023\Ast.cpp(190,46): error C2039: 'larg': is not a member of 'ast_node::<unnamed-type-f>::<unnamed-type-a_binary_op>'
C:\Desktop\BM_Code\Compiler_2023\Ast.h(165,10): message : see declaration of 'ast_node::<unnamed-type-f>::<unnamed-type-a_binary_op>'
C:\Desktop\BM_Code\Compiler_2023\Ast.cpp(190,11): error C2660: 'eval_ast_expr': function does not take 1 arguments
C:\Desktop\BM_Code\Compiler_2023\Ast.cpp(152,5): message : see declaration of 'eval_ast_expr'
C:\Desktop\BM_Code\Compiler_2023\Ast.cpp(190,11): message : while trying to match the argument list '(FileDescriptor *)'
C:\Desktop\BM_Code\Compiler_2023\Ast.cpp(191,41): error C2039: 'rarg': is not a member of 'ast_node::<unnamed-type-f>::<unnamed-type-a_binary_op>'
C:\Desktop\BM_Code\Compiler_2023\Ast.h(165,10): message : see declaration of 'ast_node::<unnamed-type-f>::<unnamed-type-a_binary_op>'
C:\Desktop\BM_Code\Compiler_2023\Ast.cpp(191,6): error C2660: 'eval_ast_expr': function does not take 1 arguments
C:\Desktop\BM_Code\Compiler_2023\Ast.cpp(152,5): message : see declaration of 'eval_ast_expr'
C:\Desktop\BM_Code\Compiler_2023\Ast.cpp(191,6): message : while trying to match the argument list '(FileDescriptor *)'
C:\Desktop\BM_Code\Compiler_2023\Ast.cpp(193,46): error C2039: 'larg': is not a member of 'ast_node::<unnamed-type-f>::<unnamed-type-a_binary_op>'
C:\Desktop\BM_Code\Compiler_2023\Ast.h(165,10): message : see declaration of 'ast_node::<unnamed-type-f>::<unnamed-type-a_binary_op>'
C:\Desktop\BM_Code\Compiler_2023\Ast.cpp(193,11): error C2660: 'eval_ast_expr': function does not take 1 arguments
C:\Desktop\BM_Code\Compiler_2023\Ast.cpp(152,5): message : see declaration of 'eval_ast_expr'
C:\Desktop\BM_Code\Compiler_2023\Ast.cpp(193,11): message : while trying to match the argument list '(FileDescriptor *)'
C:\Desktop\BM_Code\Compiler_2023\Ast.cpp(194,42): error C2039: 'rarg': is not a member of 'ast_node::<unnamed-type-f>::<unnamed-type-a_binary_op>'
C:\Desktop\BM_Code\Compiler_2023\Ast.h(165,10): message : see declaration of 'ast_node::<unnamed-type-f>::<unnamed-type-a_binary_op>'
C:\Desktop\BM_Code\Compiler_2023\Ast.cpp(194,7): error C2660: 'eval_ast_expr': function does not take 1 arguments
C:\Desktop\BM_Code\Compiler_2023\Ast.cpp(152,5): message : see declaration of 'eval_ast_expr'
C:\Desktop\BM_Code\Compiler_2023\Ast.cpp(194,7): message : while trying to match the argument list '(FileDescriptor *)'
C:\Desktop\BM_Code\Compiler_2023\Ast.cpp(196,46): error C2039: 'larg': is not a member of 'ast_node::<unnamed-type-f>::<unnamed-type-a_binary_op>'
C:\Desktop\BM_Code\Compiler_2023\Ast.h(165,10): message : see declaration of 'ast_node::<unnamed-type-f>::<unnamed-type-a_binary_op>'
C:\Desktop\BM_Code\Compiler_2023\Ast.cpp(196,11): error C2660: 'eval_ast_expr': function does not take 1 arguments
C:\Desktop\BM_Code\Compiler_2023\Ast.cpp(152,5): message : see declaration of 'eval_ast_expr'
C:\Desktop\BM_Code\Compiler_2023\Ast.cpp(196,11): message : while trying to match the argument list '(FileDescriptor *)'
C:\Desktop\BM_Code\Compiler_2023\Ast.cpp(197,41): error C2039: 'rarg': is not a member of 'ast_node::<unnamed-type-f>::<unnamed-type-a_binary_op>'
C:\Desktop\BM_Code\Compiler_2023\Ast.h(165,10): message : see declaration of 'ast_node::<unnamed-type-f>::<unnamed-type-a_binary_op>'
C:\Desktop\BM_Code\Compiler_2023\Ast.cpp(197,6): error C2660: 'eval_ast_expr': function does not take 1 arguments
C:\Desktop\BM_Code\Compiler_2023\Ast.cpp(152,5): message : see declaration of 'eval_ast_expr'
C:\Desktop\BM_Code\Compiler_2023\Ast.cpp(197,6): message : while trying to match the argument list '(FileDescriptor *)'
C:\Desktop\BM_Code\Compiler_2023\Ast.cpp(199,46): error C2039: 'larg': is not a member of 'ast_node::<unnamed-type-f>::<unnamed-type-a_binary_op>'
C:\Desktop\BM_Code\Compiler_2023\Ast.h(165,10): message : see declaration of 'ast_node::<unnamed-type-f>::<unnamed-type-a_binary_op>'
C:\Desktop\BM_Code\Compiler_2023\Ast.cpp(199,11): error C2660: 'eval_ast_expr': function does not take 1 arguments
C:\Desktop\BM_Code\Compiler_2023\Ast.cpp(152,5): message : see declaration of 'eval_ast_expr'
C:\Desktop\BM_Code\Compiler_2023\Ast.cpp(199,11): message : while trying to match the argument list '(FileDescriptor *)'
C:\Desktop\BM_Code\Compiler_2023\Ast.cpp(200,42): error C2039: 'rarg': is not a member of 'ast_node::<unnamed-type-f>::<unnamed-type-a_binary_op>'
C:\Desktop\BM_Code\Compiler_2023\Ast.h(165,10): message : see declaration of 'ast_node::<unnamed-type-f>::<unnamed-type-a_binary_op>'
C:\Desktop\BM_Code\Compiler_2023\Ast.cpp(200,7): error C2660: 'eval_ast_expr': function does not take 1 arguments
C:\Desktop\BM_Code\Compiler_2023\Ast.cpp(152,5): message : see declaration of 'eval_ast_expr'
C:\Desktop\BM_Code\Compiler_2023\Ast.cpp(200,7): message : while trying to match the argument list '(FileDescriptor *)'
C:\Desktop\BM_Code\Compiler_2023\Ast.cpp(202,46): error C2039: 'larg': is not a member of 'ast_node::<unnamed-type-f>::<unnamed-type-a_binary_op>'
C:\Desktop\BM_Code\Compiler_2023\Ast.h(165,10): message : see declaration of 'ast_node::<unnamed-type-f>::<unnamed-type-a_binary_op>'
C:\Desktop\BM_Code\Compiler_2023\Ast.cpp(202,11): error C2660: 'eval_ast_expr': function does not take 1 arguments
C:\Desktop\BM_Code\Compiler_2023\Ast.cpp(152,5): message : see declaration of 'eval_ast_expr'
C:\Desktop\BM_Code\Compiler_2023\Ast.cpp(202,11): message : while trying to match the argument list '(FileDescriptor *)'
C:\Desktop\BM_Code\Compiler_2023\Ast.cpp(203,41): error C2039: 'rarg': is not a member of 'ast_node::<unnamed-type-f>::<unnamed-type-a_binary_op>'
C:\Desktop\BM_Code\Compiler_2023\Ast.h(165,10): message : see declaration of 'ast_node::<unnamed-type-f>::<unnamed-type-a_binary_op>'
C:\Desktop\BM_Code\Compiler_2023\Ast.cpp(203,6): error C2660: 'eval_ast_expr': function does not take 1 arguments
C:\Desktop\BM_Code\Compiler_2023\Ast.cpp(152,5): message : see declaration of 'eval_ast_expr'
C:\Desktop\BM_Code\Compiler_2023\Ast.cpp(203,6): message : while trying to match the argument list '(FileDescriptor *)'
C:\Desktop\BM_Code\Compiler_2023\Ast.cpp(205,46): error C2039: 'larg': is not a member of 'ast_node::<unnamed-type-f>::<unnamed-type-a_binary_op>'
C:\Desktop\BM_Code\Compiler_2023\Ast.h(165,10): message : see declaration of 'ast_node::<unnamed-type-f>::<unnamed-type-a_binary_op>'
C:\Desktop\BM_Code\Compiler_2023\Ast.cpp(205,11): error C2660: 'eval_ast_expr': function does not take 1 arguments
C:\Desktop\BM_Code\Compiler_2023\Ast.cpp(152,5): message : see declaration of 'eval_ast_expr'
C:\Desktop\BM_Code\Compiler_2023\Ast.cpp(205,11): message : while trying to match the argument list '(FileDescriptor *)'
C:\Desktop\BM_Code\Compiler_2023\Ast.cpp(206,41): error C2039: 'rarg': is not a member of 'ast_node::<unnamed-type-f>::<unnamed-type-a_binary_op>'
C:\Desktop\BM_Code\Compiler_2023\Ast.h(165,10): message : see declaration of 'ast_node::<unnamed-type-f>::<unnamed-type-a_binary_op>'
C:\Desktop\BM_Code\Compiler_2023\Ast.cpp(206,6): error C2660: 'eval_ast_expr': function does not take 1 arguments
C:\Desktop\BM_Code\Compiler_2023\Ast.cpp(152,5): message : see declaration of 'eval_ast_expr'
C:\Desktop\BM_Code\Compiler_2023\Ast.cpp(206,6): message : while trying to match the argument list '(FileDescriptor *)'
C:\Desktop\BM_Code\Compiler_2023\Ast.cpp(243,14): warning C4477: 'fprintf' : format string '%s' requires an argument of type 'char *', but variadic argument 1 has type 'symbol_table_entry *'
C:\Desktop\BM_Code\Compiler_2023\Ast.cpp(243,14): warning C4473: 'fprintf' : not enough arguments passed for format string
C:\Desktop\BM_Code\Compiler_2023\Ast.cpp(243,14): message : placeholders and their parameters expect 2 variadic arguments, but 1 were provided
C:\Desktop\BM_Code\Compiler_2023\Ast.cpp(243,14): message : the missing variadic argument 2 is required by format string '%s'
C:\Desktop\BM_Code\Compiler_2023\Ast.cpp(247,14): warning C4477: 'fprintf' : format string '%s' requires an argument of type 'char *', but variadic argument 1 has type 'symbol_table_entry *'
C:\Desktop\BM_Code\Compiler_2023\Ast.cpp(253,42): error C2065: 'type_none': undeclared identifier
C:\Desktop\BM_Code\Compiler_2023\Ast.cpp(254,15): warning C4477: 'fprintf' : format string '%s' requires an argument of type 'char *', but variadic argument 1 has type 'symbol_table_entry *'
C:\Desktop\BM_Code\Compiler_2023\Ast.cpp(256,15): warning C4477: 'fprintf' : format string '%s' requires an argument of type 'char *', but variadic argument 1 has type 'symbol_table_entry *'
C:\Desktop\BM_Code\Compiler_2023\Ast.cpp(257,3): error C2664: 'void print_ste_list(FILE *,ste_list *,char *,char *,int)': cannot convert argument 3 from 'const char [1]' to 'char *'
C:\Desktop\BM_Code\Compiler_2023\Ast.cpp(257,50): message : Conversion from string literal loses const qualifier (see /Zc:strictStrings)
C:\Desktop\BM_Code\Compiler_2023\Ast.cpp(14,13): message : see declaration of 'print_ste_list'
C:\Desktop\BM_Code\Compiler_2023\Ast.cpp(257,3): message : while trying to match the argument list '(FILE *, ste_list *, const char [1], const char [3], int)'
C:\Desktop\BM_Code\Compiler_2023\Ast.cpp(258,42): error C2065: 'type_none': undeclared identifier
C:\Desktop\BM_Code\Compiler_2023\Ast.cpp(264,5): error C2146: syntax error: missing ')' before identifier 'type_names'
C:\Desktop\BM_Code\Compiler_2023\Ast.cpp(263,15): warning C4473: 'fprintf' : not enough arguments passed for format string
C:\Desktop\BM_Code\Compiler_2023\Ast.cpp(263,15): message : placeholders and their parameters expect 1 variadic arguments, but 0 were provided
C:\Desktop\BM_Code\Compiler_2023\Ast.cpp(263,15): message : the missing variadic argument 1 is required by format string '%s'
C:\Desktop\BM_Code\Compiler_2023\Ast.cpp(264,5): error C2146: syntax error: missing ';' before identifier 'type_names'
C:\Desktop\BM_Code\Compiler_2023\Ast.cpp(264,15): fatal  error C1003: error count exceeds 100; stopping compilation
  Compiler_2023.cpp
  FileDescriptor.cpp
  Parser.cpp
C:\Desktop\BM_Code\Compiler_2023\FileDescriptor.cpp(7,22): error C2011: 'FileDescriptor': 'class' type redefinition
C:\Desktop\BM_Code\Compiler_2023\FileDescriptor.cpp(7,7): message : see declaration of 'FileDescriptor'
C:\Desktop\BM_Code\Compiler_2023\Ast.h(14,5): error C2143: syntax error: missing ';' before '*'
C:\Desktop\BM_Code\Compiler_2023\Ast.h(14,5): error C4430: missing type specifier - int assumed. Note: C++ does not support default-int
C:\Desktop\BM_Code\Compiler_2023\Ast.h(14,11): error C2238: unexpected token(s) preceding ';'
C:\Desktop\BM_Code\Compiler_2023\Ast.h(15,10): error C2143: syntax error: missing ';' before '*'
C:\Desktop\BM_Code\Compiler_2023\Ast.h(15,10): error C4430: missing type specifier - int assumed. Note: C++ does not support default-int
C:\Desktop\BM_Code\Compiler_2023\Ast.h(15,16): error C2238: unexpected token(s) preceding ';'
C:\Desktop\BM_Code\Compiler_2023\Ast.h(22,10): error C2143: syntax error: missing ';' before '*'
C:\Desktop\BM_Code\Compiler_2023\Ast.h(22,10): error C4430: missing type specifier - int assumed. Note: C++ does not support default-int
C:\Desktop\BM_Code\Compiler_2023\Ast.h(22,16): error C2238: unexpected token(s) preceding ';'
C:\Desktop\BM_Code\Compiler_2023\Ast.h(92,7): error C2143: syntax error: missing ';' before '*'
C:\Desktop\BM_Code\Compiler_2023\Ast.h(92,7): error C4430: missing type specifier - int assumed. Note: C++ does not support default-int
C:\Desktop\BM_Code\Compiler_2023\Ast.h(92,13): error C2238: unexpected token(s) preceding ';'
C:\Desktop\BM_Code\Compiler_2023\Ast.h(97,7): error C2143: syntax error: missing ';' before '*'
C:\Desktop\BM_Code\Compiler_2023\Ast.h(97,7): error C4430: missing type specifier - int assumed. Note: C++ does not support default-int
C:\Desktop\BM_Code\Compiler_2023\Ast.h(97,12): error C2238: unexpected token(s) preceding ';'
C:\Desktop\BM_Code\Compiler_2023\Ast.h(101,7): error C2143: syntax error: missing ';' before '*'
C:\Desktop\BM_Code\Compiler_2023\Ast.h(101,7): error C4430: missing type specifier - int assumed. Note: C++ does not support default-int
C:\Desktop\BM_Code\Compiler_2023\Ast.h(101,18): error C2238: unexpected token(s) preceding ';'
C:\Desktop\BM_Code\Compiler_2023\Ast.h(102,7): error C2143: syntax error: missing ';' before '*'
C:\Desktop\BM_Code\Compiler_2023\Ast.h(102,7): error C4430: missing type specifier - int assumed. Note: C++ does not support default-int
C:\Desktop\BM_Code\Compiler_2023\Ast.h(102,15): error C2238: unexpected token(s) preceding ';'
C:\Desktop\BM_Code\Compiler_2023\Ast.h(103,7): error C2143: syntax error: missing ';' before '*'
C:\Desktop\BM_Code\Compiler_2023\Ast.h(103,7): error C4430: missing type specifier - int assumed. Note: C++ does not support default-int
C:\Desktop\BM_Code\Compiler_2023\Ast.h(103,15): error C2238: unexpected token(s) preceding ';'
C:\Desktop\BM_Code\Compiler_2023\Ast.h(107,7): error C2143: syntax error: missing ';' before '*'
C:\Desktop\BM_Code\Compiler_2023\Ast.h(107,7): error C4430: missing type specifier - int assumed. Note: C++ does not support default-int
C:\Desktop\BM_Code\Compiler_2023\Ast.h(107,18): error C2238: unexpected token(s) preceding ';'
C:\Desktop\BM_Code\Compiler_2023\Ast.h(108,7): error C2143: syntax error: missing ';' before '*'
C:\Desktop\BM_Code\Compiler_2023\Ast.h(108,7): error C4430: missing type specifier - int assumed. Note: C++ does not support default-int
C:\Desktop\BM_Code\Compiler_2023\Ast.h(108,13): error C2238: unexpected token(s) preceding ';'
C:\Desktop\BM_Code\Compiler_2023\Ast.h(113,7): error C2143: syntax error: missing ';' before '*'
C:\Desktop\BM_Code\Compiler_2023\Ast.h(113,7): error C4430: missing type specifier - int assumed. Note: C++ does not support default-int
C:\Desktop\BM_Code\Compiler_2023\Ast.h(113,20): error C2238: unexpected token(s) preceding ';'
C:\Desktop\BM_Code\Compiler_2023\Ast.h(114,7): error C2143: syntax error: missing ';' before '*'
C:\Desktop\BM_Code\Compiler_2023\Ast.h(114,7): error C4430: missing type specifier - int assumed. Note: C++ does not support default-int
C:\Desktop\BM_Code\Compiler_2023\Ast.h(114,20): error C2238: unexpected token(s) preceding ';'
C:\Desktop\BM_Code\Compiler_2023\Ast.h(115,7): error C2143: syntax error: missing ';' before '*'
C:\Desktop\BM_Code\Compiler_2023\Ast.h(115,7): error C4430: missing type specifier - int assumed. Note: C++ does not support default-int
C:\Desktop\BM_Code\Compiler_2023\Ast.h(115,13): error C2238: unexpected token(s) preceding ';'
C:\Desktop\BM_Code\Compiler_2023\Ast.h(137,7): error C2143: syntax error: missing ';' before '*'
C:\Desktop\BM_Code\Compiler_2023\Ast.h(137,7): error C4430: missing type specifier - int assumed. Note: C++ does not support default-int
C:\Desktop\BM_Code\Compiler_2023\Ast.h(137,13): error C2238: unexpected token(s) preceding ';'
C:\Desktop\BM_Code\Compiler_2023\Ast.h(162,14): error C3646: 'type': unknown override specifier
C:\Desktop\BM_Code\Compiler_2023\Ast.h(162,18): error C4430: missing type specifier - int assumed. Note: C++ does not support default-int
C:\Desktop\BM_Code\Compiler_2023\Ast.h(166,7): error C2143: syntax error: missing ';' before '*'
C:\Desktop\BM_Code\Compiler_2023\Ast.h(166,7): error C4430: missing type specifier - int assumed. Note: C++ does not support default-int
C:\Desktop\BM_Code\Compiler_2023\Ast.h(166,13): error C2238: unexpected token(s) preceding ';'
C:\Desktop\BM_Code\Compiler_2023\Ast.h(167,7): error C2143: syntax error: missing ';' before '*'
C:\Desktop\BM_Code\Compiler_2023\Ast.h(167,7): error C4430: missing type specifier - int assumed. Note: C++ does not support default-int
C:\Desktop\BM_Code\Compiler_2023\Ast.h(167,13): error C2238: unexpected token(s) preceding ';'
C:\Desktop\BM_Code\Compiler_2023\Ast.h(169,11): error C3646: 'rel_type': unknown override specifier
C:\Desktop\BM_Code\Compiler_2023\Ast.h(169,19): error C4430: missing type specifier - int assumed. Note: C++ does not support default-int
C:\Desktop\BM_Code\Compiler_2023\Ast.h(173,7): error C2143: syntax error: missing ';' before '*'
C:\Desktop\BM_Code\Compiler_2023\Ast.h(173,7): error C4430: missing type specifier - int assumed. Note: C++ does not support default-int
C:\Desktop\BM_Code\Compiler_2023\Ast.h(173,12): error C2238: unexpected token(s) preceding ';'
C:\Desktop\BM_Code\Compiler_2023\Parser.h(31,7): error C2535: 'AST *Parser::ParseArg_list_bar(AST *)': member function already defined or declared
C:\Desktop\BM_Code\Compiler_2023\Parser.h(30,7): message : see declaration of 'Parser::ParseArg_list_bar'
C:\Desktop\BM_Code\Compiler_2023\Parser.h(35,7): error C2535: 'AST *Parser::Parse(AST *)': member function already defined or declared
C:\Desktop\BM_Code\Compiler_2023\Parser.h(34,7): message : see declaration of 'Parser::Parse'
C:\Desktop\BM_Code\Compiler_2023\Parser.h(36,7): error C2535: 'AST *Parser::Parse(AST *)': member function already defined or declared
C:\Desktop\BM_Code\Compiler_2023\Parser.h(34,7): message : see declaration of 'Parser::Parse'
C:\Desktop\BM_Code\Compiler_2023\Parser.h(37,7): error C2535: 'AST *Parser::Parse(AST *)': member function already defined or declared
C:\Desktop\BM_Code\Compiler_2023\Parser.h(34,7): message : see declaration of 'Parser::Parse'
C:\Desktop\BM_Code\Compiler_2023\Parser.h(38,7): error C2535: 'AST *Parser::Parse(AST *)': member function already defined or declared
C:\Desktop\BM_Code\Compiler_2023\Parser.h(34,7): message : see declaration of 'Parser::Parse'
C:\Desktop\BM_Code\Compiler_2023\Parser.h(39,7): error C2535: 'AST *Parser::Parse(AST *)': member function already defined or declared
C:\Desktop\BM_Code\Compiler_2023\Parser.h(34,7): message : see declaration of 'Parser::Parse'
C:\Desktop\BM_Code\Compiler_2023\Parser.h(40,7): error C2535: 'AST *Parser::Parse(AST *)': member function already defined or declared
C:\Desktop\BM_Code\Compiler_2023\Parser.h(34,7): message : see declaration of 'Parser::Parse'
C:\Desktop\BM_Code\Compiler_2023\Parser.h(41,7): error C2535: 'AST *Parser::Parse(AST *)': member function already defined or declared
C:\Desktop\BM_Code\Compiler_2023\Parser.h(34,7): message : see declaration of 'Parser::Parse'
C:\Desktop\BM_Code\Compiler_2023\Parser.h(42,7): error C2535: 'AST *Parser::Parse(AST *)': member function already defined or declared
C:\Desktop\BM_Code\Compiler_2023\Parser.h(34,7): message : see declaration of 'Parser::Parse'
C:\Desktop\BM_Code\Compiler_2023\Parser.h(43,7): error C2535: 'AST *Parser::Parse(AST *)': member function already defined or declared
C:\Desktop\BM_Code\Compiler_2023\Parser.h(34,7): message : see declaration of 'Parser::Parse'
C:\Desktop\BM_Code\Compiler_2023\Parser.h(44,7): error C2535: 'AST *Parser::Parse(AST *)': member function already defined or declared
C:\Desktop\BM_Code\Compiler_2023\Parser.h(34,7): message : see declaration of 'Parser::Parse'
C:\Desktop\BM_Code\Compiler_2023\Parser.h(45,7): error C2535: 'AST *Parser::Parse(AST *)': member function already defined or declared
C:\Desktop\BM_Code\Compiler_2023\Parser.h(34,7): message : see declaration of 'Parser::Parse'
C:\Desktop\BM_Code\Compiler_2023\Parser.h(46,7): error C2535: 'AST *Parser::Parse(AST *)': member function already defined or declared
C:\Desktop\BM_Code\Compiler_2023\Parser.h(34,7): message : see declaration of 'Parser::Parse'
C:\Desktop\BM_Code\Compiler_2023\Parser.h(47,7): error C2535: 'AST *Parser::Parse(AST *)': member function already defined or declared
C:\Desktop\BM_Code\Compiler_2023\Parser.h(34,7): message : see declaration of 'Parser::Parse'
C:\Desktop\BM_Code\Compiler_2023\Parser.h(48,7): error C2535: 'AST *Parser::Parse(AST *)': member function already defined or declared
C:\Desktop\BM_Code\Compiler_2023\Parser.h(34,7): message : see declaration of 'Parser::Parse'
C:\Desktop\BM_Code\Compiler_2023\Parser.h(49,7): error C2535: 'AST *Parser::Parse(AST *)': member function already defined or declared
C:\Desktop\BM_Code\Compiler_2023\Parser.h(34,7): message : see declaration of 'Parser::Parse'
C:\Desktop\BM_Code\Compiler_2023\Parser.h(50,7): error C2535: 'AST *Parser::Parse(AST *)': member function already defined or declared
C:\Desktop\BM_Code\Compiler_2023\Parser.h(34,7): message : see declaration of 'Parser::Parse'
C:\Desktop\BM_Code\Compiler_2023\Parser.h(51,7): error C2535: 'AST *Parser::Parse(AST *)': member function already defined or declared
C:\Desktop\BM_Code\Compiler_2023\Parser.h(34,7): message : see declaration of 'Parser::Parse'
C:\Desktop\BM_Code\Compiler_2023\Parser.h(52,7): error C2535: 'AST *Parser::Parse(AST *)': member function already defined or declared
C:\Desktop\BM_Code\Compiler_2023\Parser.h(34,7): message : see declaration of 'Parser::Parse'
C:\Desktop\BM_Code\Compiler_2023\Parser.cpp(3,9): error C2600: 'Parser::Parser': cannot define a compiler-generated special member function (must be declared in the class first)
C:\Desktop\BM_Code\Compiler_2023\Parser.cpp(211,19): error C2027: use of undefined type 'FileDescriptor'
C:\Desktop\BM_Code\Compiler_2023\FileDescriptor.cpp(7,7): message : see declaration of 'FileDescriptor'
C:\Desktop\BM_Code\Compiler_2023\Parser.cpp(236,20): error C2027: use of undefined type 'FileDescriptor'
C:\Desktop\BM_Code\Compiler_2023\FileDescriptor.cpp(7,7): message : see declaration of 'FileDescriptor'
C:\Desktop\BM_Code\Compiler_2023\Parser.cpp(241,20): error C2027: use of undefined type 'FileDescriptor'
C:\Desktop\BM_Code\Compiler_2023\FileDescriptor.cpp(7,7): message : see declaration of 'FileDescriptor'
C:\Desktop\BM_Code\Compiler_2023\Parser.cpp(260,20): error C2027: use of undefined type 'FileDescriptor'
C:\Desktop\BM_Code\Compiler_2023\FileDescriptor.cpp(7,7): message : see declaration of 'FileDescriptor'
C:\Desktop\BM_Code\Compiler_2023\Parser.cpp(265,20): error C2027: use of undefined type 'FileDescriptor'
C:\Desktop\BM_Code\Compiler_2023\FileDescriptor.cpp(7,7): message : see declaration of 'FileDescriptor'
C:\Desktop\BM_Code\Compiler_2023\Parser.cpp(284,20): error C2027: use of undefined type 'FileDescriptor'
C:\Desktop\BM_Code\Compiler_2023\FileDescriptor.cpp(7,7): message : see declaration of 'FileDescriptor'
C:\Desktop\BM_Code\Compiler_2023\Parser.cpp(290,20): error C2027: use of undefined type 'FileDescriptor'
C:\Desktop\BM_Code\Compiler_2023\FileDescriptor.cpp(7,7): message : see declaration of 'FileDescriptor'
C:\Desktop\BM_Code\Compiler_2023\Parser.cpp(310,20): error C2027: use of undefined type 'FileDescriptor'
C:\Desktop\BM_Code\Compiler_2023\FileDescriptor.cpp(7,7): message : see declaration of 'FileDescriptor'
C:\Desktop\BM_Code\Compiler_2023\Parser.cpp(323,19): error C2027: use of undefined type 'FileDescriptor'
C:\Desktop\BM_Code\Compiler_2023\FileDescriptor.cpp(7,7): message : see declaration of 'FileDescriptor'
C:\Desktop\BM_Code\Compiler_2023\Parser.cpp(345,19): error C2027: use of undefined type 'FileDescriptor'
C:\Desktop\BM_Code\Compiler_2023\FileDescriptor.cpp(7,7): message : see declaration of 'FileDescriptor'
C:\Desktop\BM_Code\Compiler_2023\Parser.cpp(359,3): error C2561: 'Parser::ParseFormal_list_bar': function must return a value
C:\Desktop\BM_Code\Compiler_2023\Parser.cpp(352,19): message : see declaration of 'Parser::ParseFormal_list_bar'
C:\Desktop\BM_Code\Compiler_2023\Parser.cpp(364,19): error C2027: use of undefined type 'FileDescriptor'
C:\Desktop\BM_Code\Compiler_2023\FileDescriptor.cpp(7,7): message : see declaration of 'FileDescriptor'
C:\Desktop\BM_Code\Compiler_2023\Parser.cpp(384,19): error C2027: use of undefined type 'FileDescriptor'
C:\Desktop\BM_Code\Compiler_2023\FileDescriptor.cpp(7,7): message : see declaration of 'FileDescriptor'
C:\Desktop\BM_Code\Compiler_2023\Parser.cpp(389,19): error C2027: use of undefined type 'FileDescriptor'
C:\Desktop\BM_Code\Compiler_2023\FileDescriptor.cpp(7,7): message : see declaration of 'FileDescriptor'
C:\Desktop\BM_Code\Compiler_2023\Parser.cpp(397,19): error C2027: use of undefined type 'FileDescriptor'
C:\Desktop\BM_Code\Compiler_2023\FileDescriptor.cpp(7,7): message : see declaration of 'FileDescriptor'
C:\Desktop\BM_Code\Compiler_2023\Parser.cpp(420,19): error C2027: use of undefined type 'FileDescriptor'
C:\Desktop\BM_Code\Compiler_2023\FileDescriptor.cpp(7,7): message : see declaration of 'FileDescriptor'
C:\Desktop\BM_Code\Compiler_2023\Parser.cpp(425,19): error C2027: use of undefined type 'FileDescriptor'
C:\Desktop\BM_Code\Compiler_2023\FileDescriptor.cpp(7,7): message : see declaration of 'FileDescriptor'
C:\Desktop\BM_Code\Compiler_2023\Parser.cpp(433,19): error C2027: use of undefined type 'FileDescriptor'
C:\Desktop\BM_Code\Compiler_2023\FileDescriptor.cpp(7,7): message : see declaration of 'FileDescriptor'
C:\Desktop\BM_Code\Compiler_2023\Parser.cpp(459,19): error C2027: use of undefined type 'FileDescriptor'
C:\Desktop\BM_Code\Compiler_2023\FileDescriptor.cpp(7,7): message : see declaration of 'FileDescriptor'
C:\Desktop\BM_Code\Compiler_2023\Parser.cpp(470,19): error C2027: use of undefined type 'FileDescriptor'
C:\Desktop\BM_Code\Compiler_2023\FileDescriptor.cpp(7,7): message : see declaration of 'FileDescriptor'
C:\Desktop\BM_Code\Compiler_2023\Parser.cpp(530,20): error C2027: use of undefined type 'FileDescriptor'
C:\Desktop\BM_Code\Compiler_2023\FileDescriptor.cpp(7,7): message : see declaration of 'FileDescriptor'
C:\Desktop\BM_Code\Compiler_2023\Parser.cpp(535,20): error C2027: use of undefined type 'FileDescriptor'
C:\Desktop\BM_Code\Compiler_2023\FileDescriptor.cpp(7,7): message : see declaration of 'FileDescriptor'
C:\Desktop\BM_Code\Compiler_2023\Parser.cpp(549,19): error C2027: use of undefined type 'FileDescriptor'
C:\Desktop\BM_Code\Compiler_2023\FileDescriptor.cpp(7,7): message : see declaration of 'FileDescriptor'
C:\Desktop\BM_Code\Compiler_2023\Parser.cpp(562,14): error C2039: 'ParseArg_list': is not a member of 'Parser'
C:\Desktop\BM_Code\Compiler_2023\Parser.h(11,7): message : see declaration of 'Parser'
C:\Desktop\BM_Code\Compiler_2023\Parser.cpp(565,15): error C2355: 'this': can only be referenced inside non-static member functions or non-static data member initializers
C:\Desktop\BM_Code\Compiler_2023\Parser.cpp(568,3): error C2355: 'this': can only be referenced inside non-static member functions or non-static data member initializers
C:\Desktop\BM_Code\Compiler_2023\Parser.cpp(570,30): error C3861: 'ParseArg_list_bar': identifier not found
C:\Desktop\BM_Code\Compiler_2023\Parser.cpp(571,9): error C2440: 'return': cannot convert from 'ste_list *' to 'AST *'
C:\Desktop\BM_Code\Compiler_2023\Parser.cpp(571,9): message : Types pointed to are unrelated; conversion requires reinterpret_cast, C-style cast or parenthesized function-style cast
C:\Desktop\BM_Code\Compiler_2023\Parser.cpp(577,14): error C2511: 'AST *Parser::ParseArg_list_bar(void)': overloaded member function not found in 'Parser'
C:\Desktop\BM_Code\Compiler_2023\Parser.h(11,7): message : see declaration of 'Parser'
C:\Desktop\BM_Code\Compiler_2023\Parser.cpp(580,15): error C2671: 'Parser::ParseArg_list_bar': static member functions do not have 'this' pointers
C:\Desktop\BM_Code\Compiler_2023\Parser.cpp(585,26): error C2352: 'Parser::ParseArgs': a call of a non-static member function requires an object
C:\Desktop\BM_Code\Compiler_2023\Parser.h(32,7): message : see declaration of 'Parser::ParseArgs'
C:\Desktop\BM_Code\Compiler_2023\Parser.cpp(588,3): error C2671: 'Parser::ParseArg_list_bar': static member functions do not have 'this' pointers
  Scanner.cpp
  STable.cpp
C:\Desktop\BM_Code\Compiler_2023\stentry.h(47,9): error C4996: 'strcpy': This function or variable may be unsafe. Consider using strcpy_s instead. To disable deprecation, use _CRT_SECURE_NO_WARNINGS. See online help for details.
  STEntry.cpp
C:\Desktop\BM_Code\Compiler_2023\STEntry.cpp(41,9): error C4996: 'strcpy': This function or variable may be unsafe. Consider using strcpy_s instead. To disable deprecation, use _CRT_SECURE_NO_WARNINGS. See online help for details.
  STList.cpp
C:\Desktop\BM_Code\Compiler_2023\stentry.h(47,9): error C4996: 'strcpy': This function or variable may be unsafe. Consider using strcpy_s instead. To disable deprecation, use _CRT_SECURE_NO_WARNINGS. See online help for details.
  Symbol_Tables.cpp
  Generating Code...
